[2026-04-15 17:31:58] Application starting...
[2026-04-15 17:31:58] Initializing application...
[2026-04-15 17:31:58] Creating MainForm...
[2026-04-15 17:31:58] Running application...
[2026-04-15 17:32:02] Application ended normally.
[2026-04-23 18:39:31] Application starting...
[2026-04-23 18:39:31] Initializing application...
[2026-04-23 18:39:31] Creating MainForm...
[2026-04-23 18:39:31] Running application...
[2026-04-23 18:47:34] Application ended normally.
[2026-04-29 16:28:00] Application starting...
[2026-04-29 16:28:00] Initializing application...
[2026-04-29 16:28:00] Creating MainForm...
[2026-04-29 16:28:00] Running application...
[17:00:03.703] BtnStart_Click started
[17:00:03.723] Creating LauncherService...
[17:00:03.725] Calling StartAsync...
[17:00:03.726] [Service] StartAsync called
[17:00:03.726] [Service] Validating paths...
[17:00:03.726] [Service] Paths validated
[17:00:03.730] [Service] Starting server process...
[17:00:03.748] [Service] Server process started, PID: 52088
[17:00:03.754] [Service] Waiting for server to be ready...
[17:00:03.755] [Service] WaitForServerAsync started - using simple delay (5 seconds)
[17:00:03.755] [Service] Waiting... 1/5
[17:00:04.756] [Service] Waiting... 2/5
[17:00:05.757] [Service] Waiting... 3/5
[17:00:06.757] [Service] Waiting... 4/5
[17:00:07.758] [Service] Waiting... 5/5
[17:00:08.758] [Service] Wait completed, assuming server is ready
[17:00:08.758] [Service] Server is ready
[17:00:08.768] [Service] Starting client process...
[17:00:08.807] [Service] Client process started, PID: 10832
[17:00:08.813] [Service] StartAsync completed successfully
[17:00:08.813] StartAsync completed
[17:00:08.813] Resetting buttons (launcher not running)
[17:00:08.814] BtnStart_Click completed normally
[2026-04-29 17:00:40] Application ended normally.
[2026-04-29 22:51:57] Application starting...
[2026-04-29 22:51:57] Initializing application...
[2026-04-29 22:51:57] Creating MainForm...
[2026-04-29 22:51:57] Running application...
[22:52:02.915] BtnStart_Click started
[22:52:02.933] Creating LauncherService...
[22:52:02.934] Calling StartAsync...
[22:52:02.935] [Service] StartAsync called
[22:52:02.935] [Service] Validating paths...
[22:52:02.935] [Service] Paths validated
[22:52:02.939] [Service] Starting server process...
[22:52:02.957] [Service] Server process started, PID: 1548
[22:52:02.963] [Service] Waiting for server to be ready...
[22:52:02.963] [Service] WaitForServerAsync started - using simple delay (5 seconds)
[22:52:02.963] [Service] Waiting... 1/5
[22:52:03.963] [Service] Waiting... 2/5
[22:52:04.963] [Service] Waiting... 3/5
[22:52:05.963] [Service] Waiting... 4/5
[22:52:06.964] [Service] Waiting... 5/5
[22:52:07.964] [Service] Wait completed, assuming server is ready
[22:52:07.964] [Service] Server is ready
[22:52:07.977] [Service] Starting client process...
[22:52:08.006] [Service] Client process started, PID: 44272
[22:52:08.011] [Service] StartAsync completed successfully
[22:52:08.011] StartAsync completed
[22:52:08.011] BtnStart_Click completed normally
[23:01:15.348] BtnStart_Click started
[23:01:15.359] Creating LauncherService...
[23:01:15.359] Calling StartAsync...
[23:01:15.359] [Service] StartAsync called
[23:01:15.359] [Service] Validating paths...
[23:01:15.359] [Service] Paths validated
[23:01:15.362] [Service] Starting server process...
[23:01:15.369] [Service] Server process started, PID: 50580
[23:01:15.373] [Service] Waiting for server to be ready...
[23:01:15.373] [Service] WaitForServerAsync started - using simple delay (5 seconds)
[23:01:15.373] [Service] Waiting... 1/5
[23:01:16.373] [Service] Waiting... 2/5
[23:01:17.374] [Service] Waiting... 3/5
[23:01:18.375] [Service] Waiting... 4/5
[23:01:19.375] [Service] Waiting... 5/5
[23:01:20.376] [Service] Wait completed, assuming server is ready
[23:01:20.376] [Service] Server is ready
[23:01:20.384] [Service] Starting client process...
[23:01:20.389] [Service] Client process started, PID: 34088
[23:01:20.394] [Service] StartAsync completed successfully
[23:01:20.394] StartAsync completed
[23:01:20.394] BtnStart_Click completed normally
[23:01:33.136] BtnStart_Click started
[23:01:33.147] Creating LauncherService...
[23:01:33.147] Calling StartAsync...
[23:01:33.147] [Service] StartAsync called
[23:01:33.147] [Service] Validating paths...
[23:01:33.147] [Service] Paths validated
[23:01:33.150] [Service] Starting server process...
[23:01:33.154] [Service] Server process started, PID: 51140
[23:01:33.159] [Service] Waiting for server to be ready...
[23:01:33.159] [Service] WaitForServerAsync started - using simple delay (5 seconds)
[23:01:33.159] [Service] Waiting... 1/5
[23:01:34.160] [Service] Waiting... 2/5
[23:01:35.165] [Service] Waiting... 3/5
[23:01:36.164] [Service] Waiting... 4/5
[23:01:37.164] [Service] Waiting... 5/5
[23:01:38.165] [Service] Wait completed, assuming server is ready
[23:01:38.165] [Service] Server is ready
[23:01:38.174] [Service] Starting client process...
[23:01:38.180] [Service] Client process started, PID: 41948
[23:01:38.185] [Service] StartAsync completed successfully
[23:01:38.185] StartAsync completed
[23:01:38.185] BtnStart_Click completed normally
[23:10:54.304] BtnStart_Click started
[23:10:54.316] Creating LauncherService...
[23:10:54.316] Calling StartAsync...
[23:10:54.316] [Service] StartAsync called
[23:10:54.316] [Service] Validating paths...
[23:10:54.316] [Service] Paths validated
[23:10:54.319] [Service] Starting server process...
[23:10:54.323] [Service] Server process started, PID: 51240
[23:10:54.328] [Service] Waiting for server to be ready...
[23:10:54.328] [Service] WaitForServerAsync started - using simple delay (5 seconds)
[23:10:54.328] [Service] Waiting... 1/5
[23:10:55.329] [Service] Waiting... 2/5
[23:10:56.336] [Service] Waiting... 3/5
[23:10:57.337] [Service] Waiting... 4/5
[23:10:58.337] [Service] Waiting... 5/5
[23:10:59.337] [Service] Wait completed, assuming server is ready
[23:10:59.337] [Service] Server is ready
[23:10:59.350] [Service] Starting client process...
[23:10:59.355] [Service] Client process started, PID: 41236
[23:10:59.364] [Service] StartAsync completed successfully
[23:10:59.364] StartAsync completed
[23:10:59.364] BtnStart_Click completed normally
[00:02:01.284] BtnStart_Click started
[00:02:01.297] Creating LauncherService...
[00:02:01.297] Calling StartAsync...
[00:02:01.297] [Service] StartAsync called
[00:02:01.297] [Service] Validating paths...
[00:02:01.298] [Service] Paths validated
[00:02:01.302] [Service] Starting server process...
[00:02:01.318] [Service] Server process started, PID: 54184
[00:02:01.321] [Service] Waiting for server to be ready...
[00:02:01.321] [Service] WaitForServerAsync started - using simple delay (5 seconds)
[00:02:01.321] [Service] Waiting... 1/5
[00:02:02.321] [Service] Waiting... 2/5
[00:02:03.322] [Service] Waiting... 3/5
[00:02:04.322] [Service] Waiting... 4/5
[00:02:05.322] [Service] Waiting... 5/5
[00:02:06.322] [Service] Wait completed, assuming server is ready
[00:02:06.323] [Service] Server is ready
[00:02:06.329] [Service] Starting client process...
[00:02:06.345] [Service] Client process started, PID: 55848
[00:02:06.349] [Service] StartAsync completed successfully
[00:02:06.350] StartAsync completed
[00:02:06.350] BtnStart_Click completed normally
[00:02:32.141] BtnStart_Click started
[00:02:32.155] Creating LauncherService...
[00:02:32.155] Calling StartAsync...
[00:02:32.155] [Service] StartAsync called
[00:02:32.155] [Service] Validating paths...
[00:02:32.155] [Service] Paths validated
[00:02:32.159] [Service] Starting server process...
[00:02:32.167] [Service] Server process started, PID: 45264
[00:02:32.171] [Service] Waiting for server to be ready...
[00:02:32.171] [Service] WaitForServerAsync started - using simple delay (5 seconds)
[00:02:32.171] [Service] Waiting... 1/5
[00:02:33.171] [Service] Waiting... 2/5
[00:02:34.171] [Service] Waiting... 3/5
[00:02:35.172] [Service] Waiting... 4/5
[00:02:36.172] [Service] Waiting... 5/5
[00:02:37.173] [Service] Wait completed, assuming server is ready
[00:02:37.173] [Service] Server is ready
[00:02:37.182] [Service] Starting client process...
[00:02:37.189] [Service] Client process started, PID: 49820
[00:02:37.200] [Service] StartAsync completed successfully
[00:02:37.201] StartAsync completed
[00:02:37.201] BtnStart_Click completed normally
[00:02:54.120] BtnStart_Click started
[00:02:54.133] Creating LauncherService...
[00:02:54.134] Calling StartAsync...
[00:02:54.134] [Service] StartAsync called
[00:02:54.134] [Service] Validating paths...
[00:02:54.134] [Service] Paths validated
[00:02:54.140] [Service] Starting server process...
[00:02:54.146] [Service] Server process started, PID: 45428
[00:02:54.149] [Service] Waiting for server to be ready...
[00:02:54.150] [Service] WaitForServerAsync started - using simple delay (5 seconds)
[00:02:54.150] [Service] Waiting... 1/5
[00:02:55.150] [Service] Waiting... 2/5
[00:02:56.151] [Service] Waiting... 3/5
[00:02:57.150] [Service] Waiting... 4/5
[00:02:58.151] [Service] Waiting... 5/5
[00:02:59.151] [Service] Wait completed, assuming server is ready
[00:02:59.151] [Service] Server is ready
[00:02:59.162] [Service] Starting client process...
[00:02:59.167] [Service] Client process started, PID: 49528
[00:02:59.177] [Service] StartAsync completed successfully
[00:02:59.177] StartAsync completed
[00:02:59.177] BtnStart_Click completed normally
[00:03:48.657] BtnStart_Click started
[00:03:48.670] Creating LauncherService...
[00:03:48.670] Calling StartAsync...
[00:03:48.670] [Service] StartAsync called
[00:03:48.670] [Service] Validating paths...
[00:03:48.671] [Service] Paths validated
[00:03:48.677] [Service] Starting server process...
[00:03:48.684] [Service] Server process started, PID: 52900
[00:03:48.687] [Service] Waiting for server to be ready...
[00:03:48.688] [Service] WaitForServerAsync started - using simple delay (5 seconds)
[00:03:48.688] [Service] Waiting... 1/5
[00:03:49.688] [Service] Waiting... 2/5
[00:03:50.688] [Service] Waiting... 3/5
[00:03:51.689] [Service] Waiting... 4/5
[00:03:52.690] [Service] Waiting... 5/5
[00:03:53.690] [Service] Wait completed, assuming server is ready
[00:03:53.690] [Service] Server is ready
[00:03:53.702] [Service] Starting client process...
[00:03:53.708] [Service] Client process started, PID: 55004
[00:03:53.718] [Service] StartAsync completed successfully
[00:03:53.718] StartAsync completed
[00:03:53.718] BtnStart_Click completed normally
[00:05:30.844] BtnStart_Click started
[00:05:30.855] Creating LauncherService...
[00:05:30.855] Calling StartAsync...
[00:05:30.855] [Service] StartAsync called
[00:05:30.855] [Service] Validating paths...
[00:05:30.855] [Service] Paths validated
[00:05:30.858] [Service] Starting server process...
[00:05:30.862] [Service] Server process started, PID: 49600
[00:05:30.868] [Service] Waiting for server to be ready...
[00:05:30.869] [Service] WaitForServerAsync started - using simple delay (5 seconds)
[00:05:30.869] [Service] Waiting... 1/5
[00:05:31.868] [Service] Waiting... 2/5
[00:05:32.869] [Service] Waiting... 3/5
[00:05:33.870] [Service] Waiting... 4/5
[00:05:34.870] [Service] Waiting... 5/5
[00:05:35.872] [Service] Wait completed, assuming server is ready
[00:05:35.872] [Service] Server is ready
[00:05:35.881] [Service] Starting client process...
[00:05:35.886] [Service] Client process started, PID: 54092
[00:05:35.891] [Service] StartAsync completed successfully
[00:05:35.891] StartAsync completed
[00:05:35.891] BtnStart_Click completed normally
[00:18:50.400] BtnStart_Click started
[00:18:50.410] Creating LauncherService...
[00:18:50.410] Calling StartAsync...
[00:18:50.410] [Service] StartAsync called
[00:18:50.411] [Service] Validating paths...
[00:18:50.411] [Service] Paths validated
[00:18:50.414] [Service] Starting server process...
[00:18:50.418] [Service] Server process started, PID: 54800
[00:18:50.424] [Service] Waiting for server to be ready...
[00:18:50.424] [Service] WaitForServerAsync started - using simple delay (5 seconds)
[00:18:50.424] [Service] Waiting... 1/5
[00:18:51.424] [Service] Waiting... 2/5
[00:18:52.424] [Service] Waiting... 3/5
[00:18:53.424] [Service] Waiting... 4/5
[00:18:54.425] [Service] Waiting... 5/5
[00:18:55.425] [Service] Wait completed, assuming server is ready
[00:18:55.425] [Service] Server is ready
[00:18:55.434] [Service] Starting client process...
[00:18:55.449] [Service] Client process started, PID: 55352
[00:18:55.455] [Service] StartAsync completed successfully
[00:18:55.455] StartAsync completed
[00:18:55.455] BtnStart_Click completed normally
[00:19:33.667] BtnStart_Click started
[00:19:33.677] Creating LauncherService...
[00:19:33.677] Calling StartAsync...
[00:19:33.677] [Service] StartAsync called
[00:19:33.677] [Service] Validating paths...
[00:19:33.677] [Service] Paths validated
[00:19:33.680] [Service] Starting server process...
[00:19:33.684] [Service] Server process started, PID: 41636
[00:19:33.690] [Service] Waiting for server to be ready...
[00:19:33.690] [Service] WaitForServerAsync started - using simple delay (5 seconds)
[00:19:33.691] [Service] Waiting... 1/5
[00:19:34.692] [Service] Waiting... 2/5
[00:19:35.693] [Service] Waiting... 3/5
[00:19:36.693] [Service] Waiting... 4/5
[00:19:37.693] [Service] Waiting... 5/5
[00:19:38.692] [Service] Wait completed, assuming server is ready
[00:19:38.693] [Service] Server is ready
[00:19:38.702] [Service] Starting client process...
[00:19:38.707] [Service] Client process started, PID: 55392
[00:19:38.712] [Service] StartAsync completed successfully
[00:19:38.712] StartAsync completed
[00:19:38.712] BtnStart_Click completed normally
[2026-04-30 00:34:56] Application ended normally.
[2026-04-30 11:35:00] Application starting...
[2026-04-30 11:35:00] Initializing application...
[2026-04-30 11:35:00] Creating MainForm...
[2026-04-30 11:35:00] Running application...
[2026-04-30 11:35:09] Application ended normally.
[2026-04-30 11:42:19] Application starting...
[2026-04-30 11:42:19] Initializing application...
[2026-04-30 11:42:19] Creating MainForm...
[2026-04-30 11:42:19] Running application...
[11:42:24.892] BtnStart_Click started
[11:42:24.904] Creating LauncherService...
[11:42:24.904] Calling StartAsync...
[11:42:24.908] [Service] StartAsync called
[11:42:24.908] [Service] Validating paths...
[11:42:24.908] [Service] Paths validated
[11:42:24.913] [Service] Starting server process...
[11:42:24.934] [Service] Server process started, PID: 28816
[11:42:24.939] [Service] Waiting for server to be ready...
[11:42:24.940] [Service] WaitForServerAsync started - using simple delay (5 seconds)
[11:42:24.940] [Service] Waiting... 1/5
[11:42:25.940] [Service] Waiting... 2/5
[11:42:26.940] [Service] Waiting... 3/5
[11:42:27.941] [Service] Waiting... 4/5
[11:42:28.942] [Service] Waiting... 5/5
[11:42:29.942] [Service] Wait completed, assuming server is ready
[11:42:29.943] [Service] Server is ready
[11:42:29.955] [Service] Starting client process...
[11:42:30.012] [Service] Client process started, PID: 19548
[11:42:30.017] [Service] StartAsync completed successfully
[11:42:30.018] StartAsync completed
[11:42:30.018] BtnStart_Click completed normally
[11:44:57.070] BtnStart_Click started
[11:44:57.078] Creating LauncherService...
[11:44:57.078] Calling StartAsync...
[11:44:57.079] [Service] StartAsync called
[11:44:57.079] [Service] Validating paths...
[11:44:57.079] [Service] Paths validated
[11:44:57.081] [Service] Starting server process...
[11:44:57.089] [Service] Server process started, PID: 10428
[11:44:57.091] [Service] Waiting for server to be ready...
[11:44:57.091] [Service] WaitForServerAsync started - using simple delay (5 seconds)
[11:44:57.091] [Service] Waiting... 1/5
[11:44:58.091] [Service] Waiting... 2/5
[11:44:59.093] [Service] Waiting... 3/5
[11:45:00.093] [Service] Waiting... 4/5
[11:45:01.093] [Service] Waiting... 5/5
[11:45:02.095] [Service] Wait completed, assuming server is ready
[11:45:02.095] [Service] Server is ready
[11:45:02.101] [Service] Starting client process...
[11:45:02.130] [Service] Client process started, PID: 28992
[11:45:02.134] [Service] StartAsync completed successfully
[11:45:02.134] StartAsync completed
[11:45:02.134] BtnStart_Click completed normally
[13:46:41.152] BtnStart_Click started
[13:46:41.162] Creating LauncherService...
[13:46:41.162] Calling StartAsync...
[13:46:41.162] [Service] StartAsync called
[13:46:41.162] [Service] Validating paths...
[13:46:41.163] [Service] Paths validated
[13:46:41.165] [Service] Starting server process...
[13:46:41.169] [Service] Server process started, PID: 35560
[13:46:41.173] [Service] Waiting for server to be ready...
[13:46:41.173] [Service] WaitForServerAsync started - using simple delay (5 seconds)
[13:46:41.173] [Service] Waiting... 1/5
[13:46:42.174] [Service] Waiting... 2/5
[13:46:43.174] [Service] Waiting... 3/5
[13:46:44.174] [Service] Waiting... 4/5
[13:46:45.174] [Service] Waiting... 5/5
[13:46:46.175] [Service] Wait completed, assuming server is ready
[13:46:46.175] [Service] Server is ready
[13:46:46.183] [Service] Starting client process...
[13:46:46.197] [Service] Client process started, PID: 5588
[13:46:46.203] [Service] StartAsync completed successfully
[13:46:46.203] StartAsync completed
[13:46:46.203] BtnStart_Click completed normally
[2026-04-30 13:48:30] Application ended normally.
[2026-04-30 13:48:58] Application starting...
[2026-04-30 13:48:58] Initializing application...
[2026-04-30 13:48:58] Creating MainForm...
[2026-04-30 13:48:58] Running application...
[13:49:03.237] BtnStart_Click started
[13:49:03.246] Creating LauncherService...
[13:49:03.246] Calling StartAsync...
[13:49:03.248] [Service] StartAsync called
[13:49:03.248] [Service] Validating paths...
[13:49:03.248] [Service] Paths validated
[13:49:03.251] [Service] Starting server process...
[13:49:03.263] [Service] Server process started, PID: 3284
[13:49:03.267] [Service] Waiting for server to be ready...
[13:49:03.267] [Service] WaitForServerAsync started - using simple delay (5 seconds)
[13:49:03.268] [Service] Waiting... 1/5
[13:49:04.268] [Service] Waiting... 2/5
[13:49:05.269] [Service] Waiting... 3/5
[13:49:06.270] [Service] Waiting... 4/5
[13:49:07.270] [Service] Waiting... 5/5
[13:49:08.271] [Service] Wait completed, assuming server is ready
[13:49:08.271] [Service] Server is ready
[13:49:08.281] [Service] Starting client process...
[13:49:08.311] [Service] Client process started, PID: 30792
[13:49:08.318] [Service] StartAsync completed successfully
[13:49:08.318] StartAsync completed
[13:49:08.318] BtnStart_Click completed normally
[13:53:52.301] BtnStart_Click started
[13:53:52.310] Creating LauncherService...
[13:53:52.310] Calling StartAsync...
[13:53:52.310] [Service] StartAsync called
[13:53:52.310] [Service] Validating paths...
[13:53:52.310] [Service] Paths validated
[13:53:52.312] [Service] Starting server process...
[13:53:52.317] [Service] Server process started, PID: 40864
[13:53:52.320] [Service] Waiting for server to be ready...
[13:53:52.320] [Service] WaitForServerAsync started - using simple delay (5 seconds)
[13:53:52.320] [Service] Waiting... 1/5
[13:53:53.320] [Service] Waiting... 2/5
[13:53:54.332] [Service] Waiting... 3/5
[13:53:55.332] [Service] Waiting... 4/5
[13:53:56.333] [Service] Waiting... 5/5
[13:53:57.333] [Service] Wait completed, assuming server is ready
[13:53:57.334] [Service] Server is ready
[13:53:57.341] [Service] Starting client process...
[13:53:57.347] [Service] Client process started, PID: 41036
[13:53:57.352] [Service] StartAsync completed successfully
[13:53:57.352] StartAsync completed
[13:53:57.352] BtnStart_Click completed normally
[2026-04-30 15:14:54] Application ended normally.
[2026-04-30 15:46:50] Application starting...
[2026-04-30 15:46:50] Initializing application...
[2026-04-30 15:46:50] Creating MainForm...
[2026-04-30 15:46:50] Running application...
[15:46:51.479] BtnStart_Click started
[15:46:51.492] Creating LauncherService...
[15:46:51.492] Calling StartAsync...
[15:46:51.493] [Service] StartAsync called
[15:46:51.493] [Service] Validating paths...
[15:46:51.493] [Service] Paths validated
[15:46:51.498] [Service] Starting server process...
[15:46:51.513] [Service] Server process started, PID: 43376
[15:46:51.519] [Service] Waiting for server to be ready...
[15:46:51.520] [Service] WaitForServerAsync started - using simple delay (5 seconds)
[15:46:51.520] [Service] Waiting... 1/5
[15:46:52.520] [Service] Waiting... 2/5
[15:46:53.520] [Service] Waiting... 3/5
[15:46:54.520] [Service] Waiting... 4/5
[15:46:55.520] [Service] Waiting... 5/5
[15:46:55.592] BtnStart_Click started
[15:46:55.595] Creating LauncherService...
[15:46:55.595] Calling StartAsync...
[15:46:55.595] [Service] StartAsync called
[15:46:55.596] [Service] Validating paths...
[15:46:55.596] [Service] Paths validated
[15:46:55.597] [Service] Starting server process...
[15:46:55.602] [Service] Server process started, PID: 30712
[15:46:55.604] [Service] Waiting for server to be ready...
[15:46:55.605] [Service] WaitForServerAsync started - using simple delay (5 seconds)
[15:46:55.605] [Service] Waiting... 1/5
[15:46:56.521] [Service] Wait completed, assuming server is ready
[15:46:56.522] [Service] Server is ready
[15:46:56.533] [Service] Starting client process...
[15:46:56.565] [Service] Client process started, PID: 37844
[15:46:56.570] [Service] StartAsync completed successfully
[15:46:56.570] StartAsync completed
[15:46:56.570] BtnStart_Click completed normally
[15:46:56.604] [Service] Waiting... 2/5
[15:46:57.605] [Service] Waiting... 3/5
[15:46:58.605] [Service] Waiting... 4/5
[15:46:59.605] [Service] Waiting... 5/5
[15:47:00.606] [Service] Wait completed, assuming server is ready
[15:47:00.606] [Service] Server is ready
[15:47:00.613] [Service] Starting client process...
[15:47:00.621] [Service] Client process started, PID: 12472
[15:47:00.627] [Service] StartAsync completed successfully
[15:47:00.627] StartAsync completed
[15:47:00.627] BtnStart_Click completed normally
[2026-04-30 15:47:08] Application ended normally.
[2026-04-30 15:47:12] Application starting...
[2026-04-30 15:47:12] Initializing application...
[2026-04-30 15:47:12] Creating MainForm...
[2026-04-30 15:47:12] Running application...
[15:47:17.403] BtnStart_Click started
[15:47:17.411] Creating LauncherService...
[15:47:17.412] Calling StartAsync...
[15:47:17.413] [Service] StartAsync called
[15:47:17.413] [Service] Validating paths...
[15:47:17.413] [Service] Paths validated
[15:47:17.416] [Service] Starting server process...
[15:47:17.427] [Service] Server process started, PID: 29232
[15:47:17.430] [Service] Waiting for server to be ready...
[15:47:17.430] [Service] WaitForServerAsync started - using simple delay (5 seconds)
[15:47:17.430] [Service] Waiting... 1/5
[15:47:18.430] [Service] Waiting... 2/5
[15:47:19.431] [Service] Waiting... 3/5
[15:47:20.431] [Service] Waiting... 4/5
[15:47:21.432] [Service] Waiting... 5/5
[15:47:22.432] [Service] Wait completed, assuming server is ready
[15:47:22.433] [Service] Server is ready
[15:47:22.440] [Service] Starting client process...
[15:47:22.473] [Service] Client process started, PID: 43756
[15:47:22.477] [Service] StartAsync completed successfully
[15:47:22.477] StartAsync completed
[15:47:22.477] BtnStart_Click completed normally
[2026-04-30 15:51:30] Application ended normally.
[2026-04-30 15:53:05] Application starting...
[2026-04-30 15:53:05] Initializing application...
[2026-04-30 15:53:05] Creating MainForm...
[2026-04-30 15:53:05] Running application...
[15:53:10.641] BtnStart_Click started
[15:53:10.651] Creating LauncherService...
[15:53:10.652] Calling StartAsync...
[15:53:10.655] [Service] StartAsync called
[15:53:10.655] [Service] Validating paths...
[15:53:10.656] [Service] Paths validated
[15:53:10.659] [Service] Starting server process...
[15:53:10.680] [Service] Server process started, PID: 26564
[15:53:10.685] [Service] Waiting for server to be ready...
[15:53:10.685] [Service] WaitForServerAsync started - using simple delay (5 seconds)
[15:53:10.685] [Service] Waiting... 1/5
[15:53:11.686] [Service] Waiting... 2/5
[15:53:12.685] [Service] Waiting... 3/5
[15:53:13.686] [Service] Waiting... 4/5
[15:53:14.686] [Service] Waiting... 5/5
[15:53:15.686] [Service] Wait completed, assuming server is ready
[15:53:15.687] [Service] Server is ready
[15:53:15.699] [Service] Starting client process...
[15:53:15.755] [Service] Client process started, PID: 16836
[15:53:15.760] [Service] StartAsync completed successfully
[15:53:15.760] StartAsync completed
[15:53:15.760] BtnStart_Click completed normally
[2026-04-30 15:56:33] Application ended normally.
[2026-04-30 16:42:21] Application starting...
[2026-04-30 16:42:21] Initializing application...
[2026-04-30 16:42:21] Creating MainForm...
[2026-04-30 16:42:21] Running application...
[16:42:26.550] BtnStart_Click started
[16:42:26.560] Creating LauncherService...
[16:42:26.561] Calling StartAsync...
[16:42:26.562] [Service] StartAsync called
[16:42:26.562] [Service] Validating paths...
[16:42:26.562] [Service] Paths validated
[16:42:26.565] [Service] Starting server process...
[16:42:26.580] [Service] Server process started, PID: 20236
[16:42:26.585] [Service] Waiting for server to be ready...
[16:42:26.585] [Service] WaitForServerAsync started - using simple delay (5 seconds)
[16:42:26.585] [Service] Waiting... 1/5
[16:42:27.586] [Service] Waiting... 2/5
[16:42:28.586] [Service] Waiting... 3/5
[16:42:29.587] [Service] Waiting... 4/5
[16:42:30.587] [Service] Waiting... 5/5
[16:42:31.588] [Service] Wait completed, assuming server is ready
[16:42:31.589] [Service] Server is ready
[16:42:31.599] [Service] Starting client process...
[16:42:31.651] [Service] Client process started, PID: 32744
[16:42:31.655] [Service] StartAsync completed successfully
[16:42:31.655] StartAsync completed
[16:42:31.656] BtnStart_Click completed normally
[2026-04-30 16:43:05] Application ended normally.
[2026-04-30 16:43:31] Application starting...
[2026-04-30 16:43:31] Initializing application...
[2026-04-30 16:43:31] Creating MainForm...
[2026-04-30 16:43:31] Running application...
[16:43:36.237] BtnStart_Click started
[16:43:36.243] Creating LauncherService...
[16:43:36.243] Calling StartAsync...
[16:43:36.244] [Service] StartAsync called
[16:43:36.244] [Service] Validating paths...
[16:43:36.245] [Service] Paths validated
[16:43:36.247] [Service] Starting server process...
[16:43:36.258] [Service] Server process started, PID: 27164
[16:43:36.260] [Service] Waiting for server to be ready...
[16:43:36.261] [Service] WaitForServerAsync started - using simple delay (5 seconds)
[16:43:36.261] [Service] Waiting... 1/5
[16:43:37.261] [Service] Waiting... 2/5
[16:43:38.261] [Service] Waiting... 3/5
[16:43:39.262] [Service] Waiting... 4/5
[16:43:40.262] [Service] Waiting... 5/5
[16:43:41.262] [Service] Wait completed, assuming server is ready
[16:43:41.262] [Service] Server is ready
[16:43:41.268] [Service] Starting client process...
[16:43:41.300] [Service] Client process started, PID: 11576
[16:43:41.303] [Service] StartAsync completed successfully
[16:43:41.304] StartAsync completed
[16:43:41.304] BtnStart_Click completed normally
[16:47:20.270] BtnStart_Click started
[16:47:20.278] Creating LauncherService...
[16:47:20.278] Calling StartAsync...
[16:47:20.278] [Service] StartAsync called
[16:47:20.278] [Service] Validating paths...
[16:47:20.279] [Service] Paths validated
[16:47:20.281] [Service] Starting server process...
[16:47:20.286] [Service] Server process started, PID: 6904
[16:47:20.289] [Service] Waiting for server to be ready...
[16:47:20.289] [Service] WaitForServerAsync started - using simple delay (5 seconds)
[16:47:20.289] [Service] Waiting... 1/5
[16:47:21.289] [Service] Waiting... 2/5
[16:47:22.290] [Service] Waiting... 3/5
[16:47:23.290] [Service] Waiting... 4/5
[16:47:24.291] [Service] Waiting... 5/5
[16:47:25.292] [Service] Wait completed, assuming server is ready
[16:47:25.292] [Service] Server is ready
[16:47:25.298] [Service] Starting client process...
[16:47:25.306] [Service] Client process started, PID: 34136
[16:47:25.310] [Service] StartAsync completed successfully
[16:47:25.310] StartAsync completed
[16:47:25.310] BtnStart_Click completed normally
[16:49:36.442] BtnStart_Click started
[16:49:36.451] Creating LauncherService...
[16:49:36.451] Calling StartAsync...
[16:49:36.452] [Service] StartAsync called
[16:49:36.452] [Service] Validating paths...
[16:49:36.452] [Service] Paths validated
[16:49:36.454] [Service] Starting server process...
[16:49:36.461] [Service] Server process started, PID: 38208
[16:49:36.463] [Service] Waiting for server to be ready...
[16:49:36.463] [Service] WaitForServerAsync started - using simple delay (5 seconds)
[16:49:36.464] [Service] Waiting... 1/5
[16:49:37.464] [Service] Waiting... 2/5
[16:49:38.464] [Service] Waiting... 3/5
[16:49:39.465] [Service] Waiting... 4/5
[16:49:40.465] [Service] Waiting... 5/5
[16:49:41.465] [Service] Wait completed, assuming server is ready
[16:49:41.465] [Service] Server is ready
[16:49:41.470] [Service] Starting client process...
[16:49:41.477] [Service] Client process started, PID: 38600
[16:49:41.479] [Service] StartAsync completed successfully
[16:49:41.480] StartAsync completed
[16:49:41.480] BtnStart_Click completed normally
[2026-04-30 16:51:24] Application ended normally.
[2026-04-30 17:02:29] Application starting...
[2026-04-30 17:02:29] Initializing application...
[2026-04-30 17:02:29] Creating MainForm...
[2026-04-30 17:02:29] Running application...
[17:02:34.340] BtnStart_Click started
[17:02:34.347] Creating LauncherService...
[17:02:34.348] Calling StartAsync...
[17:02:34.349] [Service] StartAsync called
[17:02:34.349] [Service] Validating paths...
[17:02:34.349] [Service] Paths validated
[17:02:34.351] [Service] Starting server process...
[17:02:34.362] [Service] Server process started, PID: 38248
[17:02:34.364] [Service] Waiting for server to be ready...
[17:02:34.365] [Service] WaitForServerAsync started - using simple delay (5 seconds)
[17:02:34.365] [Service] Waiting... 1/5
[17:02:35.365] [Service] Waiting... 2/5
[17:02:36.365] [Service] Waiting... 3/5
[17:02:37.366] [Service] Waiting... 4/5
[17:02:38.366] [Service] Waiting... 5/5
[17:02:39.366] [Service] Wait completed, assuming server is ready
[17:02:39.366] [Service] Server is ready
[17:02:39.373] [Service] Starting client process...
[17:02:39.403] [Service] Client process started, PID: 10088
[17:02:39.407] [Service] StartAsync completed successfully
[17:02:39.407] StartAsync completed
[17:02:39.407] BtnStart_Click completed normally
[17:10:02.199] BtnStart_Click started
[17:10:02.206] Creating LauncherService...
[17:10:02.206] Calling StartAsync...
[17:10:02.206] [Service] StartAsync called
[17:10:02.206] [Service] Validating paths...
[17:10:02.206] [Service] Paths validated
[17:10:02.208] [Service] Starting server process...
[17:10:02.212] [Service] Server process started, PID: 20504
[17:10:02.214] [Service] Waiting for server to be ready...
[17:10:02.214] [Service] WaitForServerAsync started - using simple delay (5 seconds)
[17:10:02.214] [Service] Waiting... 1/5
[17:10:03.214] [Service] Waiting... 2/5
[17:10:04.214] [Service] Waiting... 3/5
[17:10:05.215] [Service] Waiting... 4/5
[17:10:06.215] [Service] Waiting... 5/5
[17:10:07.215] [Service] Wait completed, assuming server is ready
[17:10:07.215] [Service] Server is ready
[17:10:07.221] [Service] Starting client process...
[17:10:07.225] [Service] Client process started, PID: 36964
[17:10:07.229] [Service] StartAsync completed successfully
[17:10:07.229] StartAsync completed
[17:10:07.229] BtnStart_Click completed normally
[17:10:42.866] BtnStart_Click started
[17:10:42.873] Creating LauncherService...
[17:10:42.873] Calling StartAsync...
[17:10:42.873] [Service] StartAsync called
[17:10:42.873] [Service] Validating paths...
[17:10:42.873] [Service] Paths validated
[17:10:42.875] [Service] Starting server process...
[17:10:42.878] [Service] Server process started, PID: 34164
[17:10:42.880] [Service] Waiting for server to be ready...
[17:10:42.880] [Service] WaitForServerAsync started - using simple delay (5 seconds)
[17:10:42.881] [Service] Waiting... 1/5
[17:10:43.881] [Service] Waiting... 2/5
[17:10:44.882] [Service] Waiting... 3/5
[17:10:45.883] [Service] Waiting... 4/5
[17:10:46.884] [Service] Waiting... 5/5
[17:10:47.884] [Service] Wait completed, assuming server is ready
[17:10:47.885] [Service] Server is ready
[17:10:47.892] [Service] Starting client process...
[17:10:47.916] [Service] Client process started, PID: 35680
[17:10:47.920] [Service] StartAsync completed successfully
[17:10:47.920] StartAsync completed
[17:10:47.920] BtnStart_Click completed normally
[17:11:14.947] BtnStart_Click started
[17:11:14.954] Creating LauncherService...
[17:11:14.954] Calling StartAsync...
[17:11:14.954] [Service] StartAsync called
[17:11:14.954] [Service] Validating paths...
[17:11:14.954] [Service] Paths validated
[17:11:14.956] [Service] Starting server process...
[17:11:14.960] [Service] Server process started, PID: 30856
[17:11:14.962] [Service] Waiting for server to be ready...
[17:11:14.962] [Service] WaitForServerAsync started - using simple delay (5 seconds)
[17:11:14.962] [Service] Waiting... 1/5
[17:11:15.963] [Service] Waiting... 2/5
[17:11:16.963] [Service] Waiting... 3/5
[17:11:17.963] [Service] Waiting... 4/5
[17:11:18.963] [Service] Waiting... 5/5
[17:11:19.963] [Service] Wait completed, assuming server is ready
[17:11:19.964] [Service] Server is ready
[17:11:19.971] [Service] Starting client process...
[17:11:19.975] [Service] Client process started, PID: 34244
[17:11:19.979] [Service] StartAsync completed successfully
[17:11:19.979] StartAsync completed
[17:11:19.980] BtnStart_Click completed normally
[17:14:13.459] BtnStart_Click started
[17:14:13.466] Creating LauncherService...
[17:14:13.466] Calling StartAsync...
[17:14:13.467] [Service] StartAsync called
[17:14:13.467] [Service] Validating paths...
[17:14:13.467] [Service] Paths validated
[17:14:13.469] [Service] Starting server process...
[17:14:13.472] [Service] Server process started, PID: 38876
[17:14:13.474] [Service] Waiting for server to be ready...
[17:14:13.474] [Service] WaitForServerAsync started - using simple delay (5 seconds)
[17:14:13.475] [Service] Waiting... 1/5
[17:14:14.474] [Service] Waiting... 2/5
[17:14:15.474] [Service] Waiting... 3/5
[17:14:16.474] [Service] Waiting... 4/5
[17:14:17.474] [Service] Waiting... 5/5
[17:14:18.475] [Service] Wait completed, assuming server is ready
[17:14:18.475] [Service] Server is ready
[17:14:18.482] [Service] Starting client process...
[17:14:18.511] [Service] Client process started, PID: 10684
[17:14:18.514] [Service] StartAsync completed successfully
[17:14:18.514] StartAsync completed
[17:14:18.514] BtnStart_Click completed normally
[2026-04-30 17:19:12] Application ended normally.
[2026-04-30 17:19:27] Application starting...
[2026-04-30 17:19:27] Initializing application...
[2026-04-30 17:19:27] Creating MainForm...
[2026-04-30 17:19:27] Running application...
[17:19:32.341] BtnStart_Click started
[17:19:32.349] Creating LauncherService...
[17:19:32.349] Calling StartAsync...
[17:19:32.350] [Service] StartAsync called
[17:19:32.350] [Service] Validating paths...
[17:19:32.350] [Service] Paths validated
[17:19:32.353] [Service] Starting server process...
[17:19:32.363] [Service] Server process started, PID: 32872
[17:19:32.366] [Service] Waiting for server to be ready...
[17:19:32.366] [Service] WaitForServerAsync started - using simple delay (5 seconds)
[17:19:32.367] [Service] Waiting... 1/5
[17:19:33.369] [Service] Waiting... 2/5
[17:19:34.369] [Service] Waiting... 3/5
[17:19:35.369] [Service] Waiting... 4/5
[17:19:36.369] [Service] Waiting... 5/5
[17:19:37.370] [Service] Wait completed, assuming server is ready
[17:19:37.370] [Service] Server is ready
[17:19:37.377] [Service] Starting client process...
[17:19:37.407] [Service] Client process started, PID: 35888
[17:19:37.410] [Service] StartAsync completed successfully
[17:19:37.411] StartAsync completed
[17:19:37.411] BtnStart_Click completed normally
[2026-05-01 00:46:57] Application ended normally.
